<?xml version="1.0" encoding="UTF-8"?>
<coverage generated="1704481634507" clover="3.2.0">
  <project timestamp="1704481634507" name="All files">
    <metrics statements="11" coveredstatements="11" conditionals="3" coveredconditionals="3" methods="1" coveredmethods="1" elements="15" coveredelements="15" complexity="0" loc="11" ncloc="11" packages="1" files="1" classes="1"/>
    <file name="06-promises.ts" path="C:\Users\Yorlin García\Documents\Courses\Node\02-bases\src\js-foundation\06-promises.ts">
      <metrics statements="11" coveredstatements="11" conditionals="3" coveredconditionals="3" methods="1" coveredmethods="1"/>
      <line num="1" count="1" type="stmt"/>
      <line num="2" count="1" type="stmt"/>
      <line num="3" count="1" type="cond" truecount="2" falsecount="0"/>
      <line num="4" count="2" type="stmt"/>
      <line num="5" count="2" type="stmt"/>
      <line num="6" count="2" type="stmt"/>
      <line num="7" count="1" type="cond" truecount="1" falsecount="0"/>
      <line num="8" count="1" type="stmt"/>
      <line num="9" count="1" type="stmt"/>
      <line num="10" count="1" type="stmt"/>
      <line num="11" count="2" type="stmt"/>
    </file>
  </project>
</coverage>
